<?xml version="1.0" encoding="UTF-8"?>
<!-- Generated by org.testng.reporters.JUnitXMLReporter -->
<testsuite ignored="0" hostname="Zinnun" failures="1" tests="1" name="OrangeHRMTest" time="11.738" errors="0" timestamp="2022-06-15T18:34:20 BDT">
  <testcase classname="com.OrangeHRMAutomation.testcases.TC_001_LoginTest" name="loginOrange" time="3.246">
    <failure type="java.lang.AssertionError" message="expected [true] but found [false]">
      <![CDATA[java.lang.AssertionError: expected [true] but found [false]
at com.OrangeHRMAutomation.testcases.TC_001_LoginTest.loginOrange(TC_001_LoginTest.java:48)
at java.base/java.util.ArrayList.forEach(ArrayList.java:1541)
... Removed 31 stack frames]]>
    </failure>
  </testcase> <!-- loginOrange -->
</testsuite> <!-- OrangeHRMTest -->
